<?xml version="1.0" encoding="UTF-8"?>
<!-- Generated by org.testng.reporters.JUnitXMLReporter -->
<testsuite ignored="1" hostname="LAPTOP-17SONVH7" failures="0" tests="5" name="HomeLoanTests" time="0.24" errors="0" timestamp="2022-09-28T09:36:17 IST">
  <testcase classname="loanapplication.HomeLoanApplicationTests" name="APIHomeLoan" time="0.031"/>
  <testcase classname="loanapplication.HomeLoanApplicationTests" name="MobileHomeLoan" time="0.006"/>
  <testcase classname="loanapplication.CarLoanApplicationTests" name="CarLoanLoginWeb" time="0.019"/>
  <testcase classname="loanapplication.CarLoanApplicationTests" name="CarLoanLoginMobile" time="0.004"/>
  <testcase classname="loanapplication.CarLoanApplicationTests" name="CarLoanLoginAPI" time="0.005"/>
  <testcase classname="loanapplication.HomeLoanApplicationTests" name="WebHomeLoan" time="0.0">
    <ignored/>
  </testcase> <!-- WebHomeLoan -->
</testsuite> <!-- HomeLoanTests -->
