<?xml version="1.0" encoding="UTF-8"?>
<!-- Generated by org.testng.reporters.JUnitXMLReporter -->
<testsuite ignored="0" hostname="LAPTOP-17SONVH7" failures="0" tests="3" name="SmokeTests" time="0.13" errors="0" timestamp="2022-09-28T10:04:59 IST">
  <testcase classname="testpkg.ParamTest" name="applyForLoan" time="0.026"/>
  <testcase classname="testpkg.ParamTest" name="applyForLoan" time="0.002"/>
  <testcase classname="testpkg.ParamTest" name="applyForLoan" time="0.007"/>
</testsuite> <!-- SmokeTests -->
