<?xml version="1.0" encoding="UTF-8"?>
<!-- Generated by org.testng.reporters.JUnitXMLReporter -->
<testsuite ignored="0" hostname="LAPTOP-17SONVH7" failures="0" tests="8" name="Test" time="0.066" errors="0" timestamp="2022-09-27T11:37:09 IST">
  <testcase classname="testpkg.sample1" name="demo" time="0.011"/>
  <testcase classname="testpkg.sample2" name="demo" time="0.001"/>
  <testcase classname="loanapplication.CarLoanApplicationTests" name="CarLoanLoginAPI" time="0.002"/>
  <testcase classname="loanapplication.CarLoanApplicationTests" name="CarLoanLoginMobile" time="0.001"/>
  <testcase classname="loanapplication.CarLoanApplicationTests" name="CarLoanLoginWeb" time="0.001"/>
  <testcase classname="loanapplication.HomeLoanApplicationTests" name="HomeLoanLoginAPI" time="0.001"/>
  <testcase classname="loanapplication.HomeLoanApplicationTests" name="HomeLoanLoginMobile" time="0.001"/>
  <testcase classname="loanapplication.HomeLoanApplicationTests" name="HomeLoanLoginWeb" time="0.001"/>
</testsuite> <!-- Test -->
